  0.30002738510713994        1.6859399262737590E-025
  0.31834732841076274        1.6808607625169738E-025
  0.33778590401032776        1.6754929155100015E-025
  0.35841141660486098        1.6698213387203830E-025
  0.38029634164004544        1.6638303692572370E-025
  0.40351757997778204        1.6575037241530570E-025
  0.42815672811610345        1.6508244999409780E-025
  0.45430036490896031        1.6437751760334308E-025
  0.48204035579337656        1.6363376224683163E-025
  0.51147417559299013        1.6284931126313033E-025
  0.54270525103226930        1.6202223416151124E-025
  0.57584332416495732        1.6115054509308847E-025
  0.61100483799378491        1.6023220603358417E-025
  0.64831334563647269        1.5926513075901215E-025
  0.68789994447577829        1.5824718970054092E-025
  0.72990373681913789        1.5717621576875691E-025
  0.77447231868660282        1.5605001124123114E-025
  0.82176229844460791        1.5486635581009019E-025
  0.87193984710798722        1.5362301588788411E-025
  0.92518128224392848        1.5231775527012199E-025
  0.98167368752962991        1.5094834725157515E-025
   1.0416155701407088        1.4951258828966263E-025
   1.1052175582803385        1.4800831330201371E-025
   1.1727031413001479        1.4643341267649925E-025
   1.2443094550135685        1.4478585105904268E-025
   1.3202881149611261        1.4306368796864280E-025
   1.4009061005556658        1.4126510026768460E-025
   1.4864466932142801        1.3938840649028143E-025
   1.5772104717734230        1.3743209300015601E-025
   1.6735163686849703        1.3539484191276577E-025
   1.7757027907045639        1.3327556067361306E-025
   1.8841288080102028        1.3107341313554071E-025
   1.9991754159294870        1.2878785192238150E-025
   2.1212468737090693        1.2641865180499731E-025
   2.2507721250305779        1.2396594374858627E-025
   2.3882063052645255        1.2143024921821159E-025
   2.5340323407585079        1.1881251425382618E-025
   2.6887626457793798        1.1611414274823648E-025
   2.8529409230722571        1.1333702828350962E-025
   3.0271440743632803        1.1048358380569389E-025
   3.2119842275193959        1.0755676834753673E-025
   3.4081108874883626        1.0456010994766557E-025
   3.6162132185770743        1.0149772386628110E-025
   3.8370224660878822        9.8374325166332619E-026
   4.0713145258222125        9.5195234719754586E-026
   4.3199126704803872        9.1966377715531469E-026
   4.5836904425378995        8.8694273794320624E-026
   4.8635747237633105        8.5386018017351810E-026
   5.1605489921637071        8.2049251998441583E-026
   5.4756567778021630        7.8692124689333135E-026
   5.8100053296305596        7.5323242510947313E-026
   6.1647695062225365        7.1951608765048790E-026
   6.5411959040780809        6.8586552539052545E-026
   6.9406072380061739        6.5237647625244067E-026
   7.3644069889775112        6.1914622306184119E-026
   7.8140843357793441        5.8627261199530613E-026
   8.2912193878016271        5.5385300694640986E-026
   8.7974887373417747        5.2198319834905922E-026
   9.3346713509382244        4.9075628787283734E-026
   9.9046548204340930        4.6026157277023044E-026
   10.509441995736474        4.3058345534732229E-026
   11.151158022577995        4.0180040390144991E-026
   11.832057810010442        3.7398399140434709E-026
   12.554533953870353        3.4719803713148646E-026
   13.321125144058476        3.2149787432098729E-026
   14.134525085175412        2.9692976382024085E-026
   14.997591961859284        2.7353046963647730E-026
   15.913358482085469        2.5132700749959441E-026
   16.885042533719371        2.3033657217535924E-026
   17.916058491767789        2.1056664358020548E-026
   19.010029216061401        1.9201526601823871E-026
   20.170798781526546        1.7467148936895898E-026
   21.402445985778872        1.5851595607242944E-026
   22.709298681502975        1.4352161352982632E-026
   24.095948983979884        1.2965452825751589E-026
   25.567269407200126        1.1687477593812463E-026
   27.128429985262340        1.0513738047028042E-026
   28.784916439219945        9.4393275226404761E-027
   30.542549453212043        8.4590260913802199E-027
   32.407505127611998        7.5673936567466967E-027
   34.386336681064051        6.7588583106012503E-027
   36.485997477665705        6.0277982346503730E-027
   38.713865460210926        5.3686158177297799E-027
   41.077769075348854        4.7758030510477427E-027
   43.586014781756518        4.2439976474517560E-027
   46.247416237985270        3.7680296889847078E-027
   49.071325272543454        3.3429589258284532E-027
   52.067664745040624        2.9641031196262891E-027
   55.246963413862325        2.6270580397025639E-027
   58.620392932897239        2.3277098802772820E-027
   62.199807107317596        2.0622409721529252E-027
   65.997783546352991        1.8271297179156165E-027
   70.027667859420603        1.6191456917176428E-027
   74.303620550910381        1.4353408206078653E-027
   78.840666778408860        1.2730375120241103E-027
   83.654749149204662        1.1298145192188607E-027
   88.762783740596873        1.0034912502614246E-027
   94.182719540853171        8.9211113319121208E-028
   99.933601519687514        7.9392455519276093E-028
   106.03563754987769        7.0737180152444106E-028
